Start testing: Aug 27 17:38 Central America Standard Time
----------------------------------------------------------
1/1 Testing: formula_tests
1/1 Test: formula_tests
Command: "C:/Users/Carlos/source/repos/Contabilidad en C/build/Release/formula_tests.exe"
Directory: C:/Users/Carlos/source/repos/Contabilidad en C/build
"formula_tests" start time: Aug 27 17:38 Central America Standard Time
Output:
----------------------------------------------------------
monto                     426 caracteres
neto CSE                 1809 caracteres
consolidado              2154 caracteres
presupuesto              5575 caracteres
top 5                    1104 caracteres
determinante               71 caracteres
vector B                   23 caracteres
solucion CSE              118 caracteres
reconstruccion CSE       7197 caracteres
Todas las formulas superan la validacion estructural.
<end of output>
Test time =   0.05 sec
----------------------------------------------------------
Test Passed.
"formula_tests" end time: Aug 27 17:38 Central America Standard Time
"formula_tests" time elapsed: 00:00:00
----------------------------------------------------------

End testing: Aug 27 17:38 Central America Standard Time
